CHARMM General Force Field (CGenFF) program version 3.0
released May 2023
Copyright (C) 2020 SilcBio LLC
and University of Maryland, School of Pharmacy. All Rights Reserved.

Licensed to:
SilcsBio Support
SilcsBio

License expires: Wed Dec 31 05:00:00 2025

readpar debug: read 683 bonds, 2501 angles, 7460 dihedrals, 203 impropers
               and 375437 characters worth of comments.
readmol2 warning: renaming non-unique atom C to C1 .
readmol2 warning: renaming non-unique atom C to C2 .
readmol2 warning: renaming non-unique atom C to C3 .
readmol2 warning: renaming non-unique atom C to C4 .
readmol2 warning: renaming non-unique atom C to C5 .
readmol2 warning: renaming non-unique atom C to C6 .
readmol2 warning: renaming non-unique atom C to C7 .
readmol2 warning: renaming non-unique atom C to C8 .
readmol2 warning: renaming non-unique atom C to C9 .
readmol2 warning: renaming non-unique atom C to C10 .
readmol2 warning: renaming non-unique atom C to C11 .
readmol2 warning: renaming non-unique atom C to C12 .
readmol2 warning: renaming non-unique atom C to C13 .
readmol2 warning: renaming non-unique atom C to C14 .
readmol2 warning: renaming non-unique atom O to O1 .
readmol2 warning: renaming non-unique atom O to O2 .
Now processing molecule LIG ...
ringper debug: stored 6-membered ring in stage 2.
ringper debug: stored 6-membered ring in stage 2.
ringper debug: added anchor for 6-membered ring in stage 2.
ringper debug: added anchor for 6-membered ring in stage 2.
ringper debug: stored 6-membered ring in stage 2.
ringper debug: added anchor for 6-membered ring in stage 2.
ringper debug: added anchor for 6-membered ring in stage 2.
ringper debug: added anchor for 6-membered ring in stage 2.
resonance debug: found better resonance chain with
charge 0 ( 0 positive and 0 negative centers) and 1 potential aromatic rings
resonance debug: found resonance chain with
charge 0 ( 0 positive and 0 negative centers) and 1 potential aromatic rings
resonance debug: found better resonance chain with
charge 0 ( 0 positive and 0 negative centers) and 1 potential aromatic rings
resonance debug: found resonance chain with
charge 0 ( 0 positive and 0 negative centers) and 1 potential aromatic rings
paranalogy debug: finding analogy for dihedral CG2O5 CG2R61 CG2R61 CG2O5
paranalogy debug: "smart algorithm" found no matching parameters;
switching to "exhaustive algorithm"
paranalogy debug: finding analogy for dihedral CG2O5 CG2R61 CG2R61 CG2O5
paranalogy debug: "smart algorithm" found no matching parameters;
switching to "exhaustive algorithm"
paranalogy debug: finding analogy for dihedral CG2O5 CG2R61 CG2R61 CG2O5
paranalogy debug: "smart algorithm" found no matching parameters;
switching to "exhaustive algorithm"
